Compiling the CXX compiler identification source file "CMakeCXXCompilerId.cpp" failed.
Compiler: /Library/Developer/CommandLineTools/usr/bin/c++ 
Build flags: 
Id flags:  

The output was:
1
ld: library not found for -lc++
clang: error: linker command failed with exit code 1 (use -v to see invocation)


Compiling the C compiler identification source file "CMakeCCompilerId.c" failed.
Compiler: /Library/Developer/CommandLineTools/usr/bin/cc 
Build flags: 
Id flags:  

The output was:
1
ld: library not found for -lSystem
clang: error: linker command failed with exit code 1 (use -v to see invocation)


Determining if the strtof_l exist failed with the following output:
Change Dir: /Users/slt/Projects/fugue-idapro/build/CMakeFiles/CMakeTmp

Run Build Command(s):/usr/bin/make -f Makefile cmTC_5620e/fast && /Library/Developer/CommandLineTools/usr/bin/make  -f CMakeFiles/cmTC_5620e.dir/build.make CMakeFiles/cmTC_5620e.dir/build
Building CXX object CMakeFiles/cmTC_5620e.dir/CheckSymbolExists.cxx.o
/Library/Developer/CommandLineTools/usr/bin/c++   -arch arm64 -isysroot /Library/Developer/CommandLineTools/SDKs/MacOSX11.3.sdk -fPIE -MD -MT CMakeFiles/cmTC_5620e.dir/CheckSymbolExists.cxx.o -MF CMakeFiles/cmTC_5620e.dir/CheckSymbolExists.cxx.o.d -o CMakeFiles/cmTC_5620e.dir/CheckSymbolExists.cxx.o -c /Users/slt/Projects/fugue-idapro/build/CMakeFiles/CMakeTmp/CheckSymbolExists.cxx
/Users/slt/Projects/fugue-idapro/build/CMakeFiles/CMakeTmp/CheckSymbolExists.cxx:8:19: error: use of undeclared identifier 'strtof_l'
  return ((int*)(&strtof_l))[argc];
                  ^
1 error generated.
make[1]: *** [CMakeFiles/cmTC_5620e.dir/CheckSymbolExists.cxx.o] Error 1
make: *** [cmTC_5620e/fast] Error 2


File /Users/slt/Projects/fugue-idapro/build/CMakeFiles/CMakeTmp/CheckSymbolExists.cxx:
/* */
#include <stdlib.h>

int main(int argc, char** argv)
{
  (void)argv;
#ifndef strtof_l
  return ((int*)(&strtof_l))[argc];
#else
  (void)argc;
  return 0;
#endif
}
Determining if the strtoull_l exist failed with the following output:
Change Dir: /Users/slt/Projects/fugue-idapro/build/CMakeFiles/CMakeTmp

Run Build Command(s):/usr/bin/make -f Makefile cmTC_9ad49/fast && /Library/Developer/CommandLineTools/usr/bin/make  -f CMakeFiles/cmTC_9ad49.dir/build.make CMakeFiles/cmTC_9ad49.dir/build
Building CXX object CMakeFiles/cmTC_9ad49.dir/CheckSymbolExists.cxx.o
/Library/Developer/CommandLineTools/usr/bin/c++   -arch arm64 -isysroot /Library/Developer/CommandLineTools/SDKs/MacOSX11.3.sdk -fPIE -MD -MT CMakeFiles/cmTC_9ad49.dir/CheckSymbolExists.cxx.o -MF CMakeFiles/cmTC_9ad49.dir/CheckSymbolExists.cxx.o.d -o CMakeFiles/cmTC_9ad49.dir/CheckSymbolExists.cxx.o -c /Users/slt/Projects/fugue-idapro/build/CMakeFiles/CMakeTmp/CheckSymbolExists.cxx
/Users/slt/Projects/fugue-idapro/build/CMakeFiles/CMakeTmp/CheckSymbolExists.cxx:8:19: error: use of undeclared identifier 'strtoull_l'; did you mean 'strtoull'?
  return ((int*)(&strtoull_l))[argc];
                  ^~~~~~~~~~
                  strtoull
/Library/Developer/CommandLineTools/SDKs/MacOSX11.3.sdk/usr/include/stdlib.h:178:3: note: 'strtoull' declared here
         strtoull(const char *__str, char **__endptr, int __base);
         ^
1 error generated.
make[1]: *** [CMakeFiles/cmTC_9ad49.dir/CheckSymbolExists.cxx.o] Error 1
make: *** [cmTC_9ad49/fast] Error 2


File /Users/slt/Projects/fugue-idapro/build/CMakeFiles/CMakeTmp/CheckSymbolExists.cxx:
/* */
#include <stdlib.h>

int main(int argc, char** argv)
{
  (void)argv;
#ifndef strtoull_l
  return ((int*)(&strtoull_l))[argc];
#else
  (void)argc;
  return 0;
#endif
}
